Connection successful
Connection successful
Connection successful


12.12.0
26.5
26.5


Connection successful
Connection successful
Connection successful
Connection successful


13.12.0
25.0
25.0


Connection successful
Connection successful
Connection successful
Connection successful


12.12.0
27.0
53.5


Connection successful
Connection successful
Connection successful
Connection successful


13.12.0
23.9
48.9


Connection successful
Connection successful
Connection successful
Connection successful
Connection successful
Connection successful


12.12.0
26.6
80.1


Connection successful
Connection successful


13.12.0
24.5
73.4


Connection successful
Connection successful
Connection successful
Sen.se status =  OK
field2
11.12.0
24.4333333333
Connection successful
Sen.se status =  OK
field3
12.12.0
26.7
Connection successful
Sen.se status =  OK
field7
12.11.0
1.35866666667
Connection successful
Sen.se status =  OK
field4
13.12.0
24.4666666667
Connection successful
Sen.se status =  OK
field8
13.11.0
1.27233333333
Connection successful
Sen.se status =  OK
field1
10.12.0
21.7666666667
Connection successful
Sen.se status =  OK
field5
10.11.0
1.31466666667
Connection successful
Connection successful
Sen.se status =  OK
field6
11.11.0
1.34733333333
Connection successful


12.12.0
26.0
26.0


Connection successful
Connection successful


13.12.0
24.6
24.6


Connection successful
Connection successful
Connection successful
Connection successful
Connection successful
Connection successful


13.12.0
24.8
49.4


Connection successful
Connection successful


12.12.0
26.4
52.4


Connection successful
Connection successful
Connection successful
Connection successful
Connection successful
Connection successful
Connection successful


12.12.0
26.5
78.9


Connection successful
Connection successful
Sen.se status =  OK
field2
11.12.0
23.6666666667
Connection successful
Connection successful
Connection successful
Connection successful


13.12.0
24.5
73.9


Connection successful
Sen.se status =  OK
field8
13.11.0
1.296
Connection successful
Sen.se status =  OK
field3
12.12.0
26.3
Connection successful
Sen.se status =  OK
field7
12.11.0
1.37466666667
Connection successful
Connection successful
Sen.se status =  OK
field6
11.11.0
1.344
Connection successful
Sen.se status =  OK
field1
10.12.0
22.2666666667
Connection successful
Sen.se status =  OK
field5
10.11.0
1.314
Connection successful
Sen.se status =  OK
field4
13.12.0
24.6333333333
Connection successful
Connection successful


12.12.0
25.2
25.2


Connection successful
Connection successful
Connection successful
Connection successful
Connection successful
Connection successful
Connection successful


12.12.0
26.7
51.9


Connection successful
Connection successful
Connection successful
Connection successful


13.12.0
22.5
22.5


Connection successful
Connection successful
Connection successful
Connection successful


12.12.0
27.0
78.9


Connection successful
Connection successful
Sen.se status =  OK
field2
11.12.0
24.4333333333
Connection successful
Connection successful
Sen.se status =  OK
field8
13.11.0
1.26466666667
Connection successful
Connection successful
Connection successful
Sen.se status =  OK
field3
12.12.0
26.3
Connection successful
Sen.se status =  OK
field7
12.11.0
1.364
Connection successful
Connection successful


13.12.0
23.9
46.4


Connection successful
Connection successful
Sen.se status =  OK
field1
10.12.0
21.9
Connection successful
Sen.se status =  OK
field5
10.11.0
1.31266666667
Connection successful


12.12.0
26.7
26.7


Connection successful
Connection successful
Connection successful
Sen.se status =  OK
field6
11.11.0
1.34133333333
Connection successful


13.12.0
22.5
68.9


Connection successful
Connection successful
Connection successful
Connection successful


12.12.0
26.0
52.7


Connection successful
Connection successful
Connection successful
Sen.se status =  OK
field4
13.12.0
22.9666666667
Connection successful
Connection successful
Connection successful
Connection successful


12.12.0
26.7
79.4


Connection successful
